This is pdfTeX, Version 3.141592-1.40.4 (MiKTeX 2.7) (preloaded format=latex 2008.2.1)  1 FEB 2008 14:07
entering extended mode
**main.tex
(main.tex
LaTeX2e <2005/12/01>
Babel <v3.8h> and hyphenation patterns for english, dumylang, nohyphenation, ge
rman, ngerman, french, loaded.
("C:\Programme\MiKTeX 2.7\tex\latex\koma-script\scrbook.cls"
Document Class: scrbook 2007/12/24 v2.98 KOMA-Script document class (book)
("C:\Programme\MiKTeX 2.7\tex\latex\koma-script\scrkbase.sty"
Package: scrkbase 2007/12/24 v2.98 KOMA-Script package (basics and keyval use)

("C:\Programme\MiKTeX 2.7\tex\latex\graphics\keyval.sty"
Package: keyval 1999/03/16 v1.13 key=value parser (DPC)
\KV@toks@=\toks14
)
("C:\Programme\MiKTeX 2.7\tex\latex\koma-script\scrlfile.sty"
Package: scrlfile 2007/12/18 v2.98 KOMA-Script package (loading files)

Package scrlfile, 2007/12/18 v2.98 KOMA-Script package (loading files)
                  Copyright (C) Markus Kohm

))
Package scrkbase Info: You've used obsolete option `11pt'.
(scrkbase)             \KOMAExecuteOptions{fontsize=11pt} will be
(scrkbase)             used instead.
(scrkbase)             You may simply replace `11pt'
(scrkbase)             by `fontsize=11pt'.
Class scrbook Info: File `bk11.clo' used to setup font sizes on input line 953.

 ("C:\Programme\MiKTeX 2.7\tex\latex\base\bk11.clo"
File: bk11.clo 2005/09/16 v1.4f Standard LaTeX file (size option)
)
("C:\Programme\MiKTeX 2.7\tex\latex\koma-script\typearea.sty"
Package: typearea 2007/12/24 v2.98 KOMA-Script package (type area)

Package typearea, 2007/12/24 v2.98 KOMA-Script package (type area)
                  Copyright (C) Frank Neukam, 1992-1994
                  Copyright (C) Markus Kohm, 1994-

\ta@bcor=\skip41
\ta@div=\count79
Package scrkbase Info: You've used obsolete option `a4paper'.
(scrkbase)             \KOMAExecuteOptions{paper=a4} will be
(scrkbase)             used instead.
(scrkbase)             You may simply replace `a4paper'
(scrkbase)             by `paper=a4'.
Package scrkbase Info: You've used obsolete option `footexclude'.
(scrkbase)             \KOMAExecuteOptions{footinclude=false} will be
(scrkbase)             used instead.
(scrkbase)             You may simply replace `footexclude'
(scrkbase)             by `footinclude=false'.
\ta@hblk=\skip42
\ta@vblk=\skip43
\ta@temp=\skip44
Package typearea Info: These are the values describing the layout:
(typearea)             DIV  = 13
(typearea)             BCOR = 34.1433pt
(typearea)             \paperwidth      = 597.50793pt
(typearea)              \textwidth      = 433.35742pt
(typearea)              DIV-departure   = -10/100
(typearea)              \evensidemargin = 14.40149pt
(typearea)              \oddsidemargin  = 5.20905pt
(typearea)             \paperheight     = 845.04694pt
(typearea)              \textheight     = 623.00027pt
(typearea)              \topmargin      = -7.26639pt
(typearea)              \headheight     = 17.0pt
(typearea)              \headsep        = 20.40001pt
(typearea)              \topskip        = 11.0pt
(typearea)              \footskip       = 47.60002pt
(typearea)              \baselineskip   = 13.6pt
(typearea)              on input line 906.
)
\c@part=\count80
\c@chapter=\count81
\c@section=\count82
\c@subsection=\count83
\c@subsubsection=\count84
\c@paragraph=\count85
\c@subparagraph=\count86
\abovecaptionskip=\skip45
\belowcaptionskip=\skip46
\c@pti@nb@sid@b@x=\box26
\c@figure=\count87
\c@table=\count88
\bibindent=\dimen102
) (components/info.tex) (components/settings.tex
("C:\Programme\MiKTeX 2.7\tex\latex\koma-script\scrpage2.sty"
Package: scrpage2 2007/07/23 v2.2e LaTeX2e KOMA-Script package
LaTeX Info: Redefining \pagemark on input line 147.
)
("C:\Programme\MiKTeX 2.7\tex\latex\base\ifthen.sty"
Package: ifthen 2001/05/26 v1.1c Standard LaTeX ifthen package (DPC)
)
("C:\Programme\MiKTeX 2.7\tex\latex\psnfss\palatino.sty"
Package: palatino 2005/04/12 PSNFSS-v9.2a (SPQR) 
)
("C:\Programme\MiKTeX 2.7\tex\latex\psnfss\pifont.sty"
Package: pifont 2005/04/12 PSNFSS-v9.2a Pi font support (SPQR) 
LaTeX Font Info:    Try loading font information for U+pzd on input line 63.

("C:\Programme\MiKTeX 2.7\tex\latex\psnfss\upzd.fd"
File: upzd.fd 2001/06/04 font definitions for U/pzd.
)
LaTeX Font Info:    Try loading font information for U+psy on input line 64.

("C:\Programme\MiKTeX 2.7\tex\latex\psnfss\upsy.fd"
File: upsy.fd 2001/06/04 font definitions for U/psy.
))
("C:\Programme\MiKTeX 2.7\tex\latex\thumbpdf\thumbpdf.sty"
Package: thumbpdf 2007/11/07 v3.9 Inclusion of thumbnails (HO)


Package thumbpdf Warning: Missing driver name.

) ("C:\Programme\MiKTeX 2.7\tex\latex\subfigure\subfigure.sty"
Package: subfigure 2002/07/30 v2.1.4 subfigure package
\subfigtopskip=\skip47
\subfigcapskip=\skip48
\subfigcaptopadj=\dimen103
\subfigbottomskip=\skip49
\subfigcapmargin=\dimen104
\subfiglabelskip=\skip50
\c@subfigure=\count89
\c@lofdepth=\count90
\c@subtable=\count91
\c@lotdepth=\count92

****************************************
* Local config file subfigure.cfg used *
****************************************
("C:\Programme\MiKTeX 2.7\tex\latex\subfigure\subfigure.cfg")
\subfig@top=\skip51
\subfig@bottom=\skip52
)
("C:\Programme\MiKTeX 2.7\tex\latex\colortbl\colortbl.sty"
Package: colortbl 2001/02/13 v0.1j Color table columns (DPC)

("C:\Programme\MiKTeX 2.7\tex\latex\tools\array.sty"
Package: array 2005/08/23 v2.4b Tabular extension package (FMi)
\col@sep=\dimen105
\extrarowheight=\dimen106
\NC@list=\toks15
\extratabsurround=\skip53
\backup@length=\skip54
)
("C:\Programme\MiKTeX 2.7\tex\latex\graphics\color.sty"
Package: color 2005/11/14 v1.0j Standard LaTeX Color (DPC)

("C:\Programme\MiKTeX 2.7\tex\latex\00miktex\color.cfg"
File: color.cfg 2007/01/18 v1.5 color configuration of teTeX/TeXLive
)
Package color Info: Driver file: dvips.def on input line 130.

("C:\Programme\MiKTeX 2.7\tex\latex\graphics\dvips.def"
File: dvips.def 1999/02/16 v3.0i Driver-dependant file (DPC,SPQR)
)
("C:\Programme\MiKTeX 2.7\tex\latex\graphics\dvipsnam.def"
File: dvipsnam.def 1999/02/16 v3.0i Driver-dependant file (DPC,SPQR)
))
\everycr=\toks16
\minrowclearance=\skip55
)
(styles/tumlogo.sty) ("C:\Programme\MiKTeX 2.7\tex\latex\multirow\multirow.sty"
\bigstrutjot=\dimen107
) ("C:\Programme\MiKTeX 2.7\tex\latex\amsmath\amsmath.sty"
Package: amsmath 2000/07/18 v2.13 AMS math features
\@mathmargin=\skip56

For additional information on amsmath, use the `?' option.
("C:\Programme\MiKTeX 2.7\tex\latex\amsmath\amstext.sty"
Package: amstext 2000/06/29 v2.01

("C:\Programme\MiKTeX 2.7\tex\latex\amsmath\amsgen.sty"
File: amsgen.sty 1999/11/30 v2.0
\@emptytoks=\toks17
\ex@=\dimen108
))
("C:\Programme\MiKTeX 2.7\tex\latex\amsmath\amsbsy.sty"
Package: amsbsy 1999/11/29 v1.2d
\pmbraise@=\dimen109
)
("C:\Programme\MiKTeX 2.7\tex\latex\amsmath\amsopn.sty"
Package: amsopn 1999/12/14 v2.01 operator names
)
\inf@bad=\count93
LaTeX Info: Redefining \frac on input line 211.
\uproot@=\count94
\leftroot@=\count95
LaTeX Info: Redefining \overline on input line 307.
\classnum@=\count96
\DOTSCASE@=\count97
LaTeX Info: Redefining \ldots on input line 379.
LaTeX Info: Redefining \dots on input line 382.
LaTeX Info: Redefining \cdots on input line 467.
\Mathstrutbox@=\box27
\strutbox@=\box28
\big@size=\dimen110
LaTeX Font Info:    Redeclaring font encoding OML on input line 567.
LaTeX Font Info:    Redeclaring font encoding OMS on input line 568.
\macc@depth=\count98
\c@MaxMatrixCols=\count99
\dotsspace@=\muskip10
\c@parentequation=\count100
\dspbrk@lvl=\count101
\tag@help=\toks18
\row@=\count102
\column@=\count103
\maxfields@=\count104
\andhelp@=\toks19
\eqnshift@=\dimen111
\alignsep@=\dimen112
\tagshift@=\dimen113
\tagwidth@=\dimen114
\totwidth@=\dimen115
\lineht@=\dimen116
\@envbody=\toks20
\multlinegap=\skip57
\multlinetaggap=\skip58
\mathdisplay@stack=\toks21
LaTeX Info: Redefining \[ on input line 2666.
LaTeX Info: Redefining \] on input line 2667.
)
("C:\Programme\MiKTeX 2.7\tex\latex\amsfonts\amsfonts.sty"
Package: amsfonts 2001/10/25 v2.2f
\symAMSa=\mathgroup4
\symAMSb=\mathgroup5
LaTeX Font Info:    Overwriting math alphabet `\mathfrak' in version `bold'
(Font)                  U/euf/m/n --> U/euf/b/n on input line 132.
)
("C:\Programme\MiKTeX 2.7\tex\latex\amsfonts\amssymb.sty"
Package: amssymb 2002/01/22 v2.2d
)
("C:\Programme\MiKTeX 2.7\tex\latex\base\textcomp.sty"
Package: textcomp 2005/09/27 v1.99g Standard LaTeX package
Package textcomp Info: Sub-encoding information:
(textcomp)               5 = only ISO-Adobe without \textcurrency
(textcomp)               4 = 5 + \texteuro
(textcomp)               3 = 4 + \textohm
(textcomp)               2 = 3 + \textestimated + \textcurrency
(textcomp)               1 = TS1 - \textcircled - \t
(textcomp)               0 = TS1 (full)
(textcomp)             Font families with sub-encoding setting implement
(textcomp)             only a restricted character set as indicated.
(textcomp)             Family '?' is the default used for unknown fonts.
(textcomp)             See the documentation for details.
Package textcomp Info: Setting ? sub-encoding to TS1/1 on input line 71.

("C:\Programme\MiKTeX 2.7\tex\latex\base\ts1enc.def"
File: ts1enc.def 2001/06/05 v3.0e (jk/car/fm) Standard LaTeX file
)
LaTeX Info: Redefining \oldstylenums on input line 266.
Package textcomp Info: Setting cmr sub-encoding to TS1/0 on input line 281.
Package textcomp Info: Setting cmss sub-encoding to TS1/0 on input line 282.
Package textcomp Info: Setting cmtt sub-encoding to TS1/0 on input line 283.
Package textcomp Info: Setting cmvtt sub-encoding to TS1/0 on input line 284.
Package textcomp Info: Setting cmbr sub-encoding to TS1/0 on input line 285.
Package textcomp Info: Setting cmtl sub-encoding to TS1/0 on input line 286.
Package textcomp Info: Setting ccr sub-encoding to TS1/0 on input line 287.
Package textcomp Info: Setting ptm sub-encoding to TS1/4 on input line 288.
Package textcomp Info: Setting pcr sub-encoding to TS1/4 on input line 289.
Package textcomp Info: Setting phv sub-encoding to TS1/4 on input line 290.
Package textcomp Info: Setting ppl sub-encoding to TS1/3 on input line 291.
Package textcomp Info: Setting pag sub-encoding to TS1/4 on input line 292.
Package textcomp Info: Setting pbk sub-encoding to TS1/4 on input line 293.
Package textcomp Info: Setting pnc sub-encoding to TS1/4 on input line 294.
Package textcomp Info: Setting pzc sub-encoding to TS1/4 on input line 295.
Package textcomp Info: Setting bch sub-encoding to TS1/4 on input line 296.
Package textcomp Info: Setting put sub-encoding to TS1/5 on input line 297.
Package textcomp Info: Setting uag sub-encoding to TS1/5 on input line 298.
Package textcomp Info: Setting ugq sub-encoding to TS1/5 on input line 299.
Package textcomp Info: Setting ul8 sub-encoding to TS1/4 on input line 300.
Package textcomp Info: Setting ul9 sub-encoding to TS1/4 on input line 301.
Package textcomp Info: Setting augie sub-encoding to TS1/5 on input line 302.
Package textcomp Info: Setting dayrom sub-encoding to TS1/3 on input line 303.
Package textcomp Info: Setting dayroms sub-encoding to TS1/3 on input line 304.

Package textcomp Info: Setting pxr sub-encoding to TS1/0 on input line 305.
Package textcomp Info: Setting pxss sub-encoding to TS1/0 on input line 306.
Package textcomp Info: Setting pxtt sub-encoding to TS1/0 on input line 307.
Package textcomp Info: Setting txr sub-encoding to TS1/0 on input line 308.
Package textcomp Info: Setting txss sub-encoding to TS1/0 on input line 309.
Package textcomp Info: Setting txtt sub-encoding to TS1/0 on input line 310.
Package textcomp Info: Setting futs sub-encoding to TS1/4 on input line 311.
Package textcomp Info: Setting futx sub-encoding to TS1/4 on input line 312.
Package textcomp Info: Setting futj sub-encoding to TS1/4 on input line 313.
Package textcomp Info: Setting hlh sub-encoding to TS1/3 on input line 314.
Package textcomp Info: Setting hls sub-encoding to TS1/3 on input line 315.
Package textcomp Info: Setting hlst sub-encoding to TS1/3 on input line 316.
Package textcomp Info: Setting hlct sub-encoding to TS1/5 on input line 317.
Package textcomp Info: Setting hlx sub-encoding to TS1/5 on input line 318.
Package textcomp Info: Setting hlce sub-encoding to TS1/5 on input line 319.
Package textcomp Info: Setting hlcn sub-encoding to TS1/5 on input line 320.
Package textcomp Info: Setting hlcw sub-encoding to TS1/5 on input line 321.
Package textcomp Info: Setting hlcf sub-encoding to TS1/5 on input line 322.
Package textcomp Info: Setting pplx sub-encoding to TS1/3 on input line 323.
Package textcomp Info: Setting pplj sub-encoding to TS1/3 on input line 324.
Package textcomp Info: Setting ptmx sub-encoding to TS1/4 on input line 325.
Package textcomp Info: Setting ptmj sub-encoding to TS1/4 on input line 326.
)
("C:\Programme\MiKTeX 2.7\tex\latex\yhmath\yhmath.sty"
Package: yhmath 
LaTeX Font Info:    Redeclaring symbol font `largesymbols' on input line 12.
LaTeX Font Info:    Overwriting symbol font `largesymbols' in version `normal'
(Font)                  OMX/cmex/m/n --> OMX/yhex/m/n on input line 12.
LaTeX Font Info:    Overwriting symbol font `largesymbols' in version `bold'
(Font)                  OMX/cmex/m/n --> OMX/yhex/m/n on input line 12.
LaTeX Font Info:    Redeclaring math accent \widetilde on input line 13.
LaTeX Font Info:    Redeclaring math accent \widehat on input line 14.
)
("C:\Programme\MiKTeX 2.7\tex\latex\base\makeidx.sty"
Package: makeidx 2000/03/29 v1.0m Standard LaTeX package
)
("C:\Programme\MiKTeX 2.7\tex\latex\float\float.sty"
Package: float 2001/11/08 v1.3d Float enhancements (AL)
\c@float@type=\count105
\float@exts=\toks22
\float@box=\box29
\@float@everytoks=\toks23
\@floatcapt=\box30
)
("C:\Programme\MiKTeX 2.7\tex\generic\babel\babel.sty"
Package: babel 2005/11/23 v3.8h The Babel package

*************************************
* Local config file bblopts.cfg used
*
("C:\Programme\MiKTeX 2.7\tex\latex\00miktex\bblopts.cfg"
File: bblopts.cfg 2006/07/31 v1.0 MiKTeX 'babel' configuration
)
("C:\Programme\MiKTeX 2.7\tex\generic\babel\germanb.ldf"
Language: germanb 2004/02/19 v2.6k German support from the babel system

("C:\Programme\MiKTeX 2.7\tex\generic\babel\babel.def"
File: babel.def 2005/11/23 v3.8h Babel common definitions
\babel@savecnt=\count106
\U@D=\dimen117
)
\l@austrian = a dialect from \language\l@german 
Package babel Info: Making " an active character on input line 91.
)
("C:\Programme\MiKTeX 2.7\tex\generic\babel\english.ldf"
Language: english 2005/03/30 v3.3o English support from the babel system
\l@british = a dialect from \language\l@english 
\l@UKenglish = a dialect from \language\l@english 
\l@canadian = a dialect from \language\l@american 
\l@australian = a dialect from \language\l@british 
\l@newzealand = a dialect from \language\l@british 
))
("C:\Programme\MiKTeX 2.7\tex\latex\base\inputenc.sty"
Package: inputenc 2006/05/05 v1.1b Input encoding file
\inpenc@prehook=\toks24
\inpenc@posthook=\toks25

("C:\Programme\MiKTeX 2.7\tex\latex\base\latin1.def"
File: latin1.def 2006/05/05 v1.1b Input encoding file
))

! LaTeX Error: File `dropping.sty' not found.

Type X to quit or <RETURN> to proceed,
or enter new name. (Default extension: sty)

Enter file name: 
(styles/shortoverview.sty

LaTeX Warning: You have requested package `styles/shortoverview',
               but the package provides `shortoverview'.

Package: shortoverview 
) ("C:\Programme\MiKTeX 2.7\tex\latex\graphics\graphicx.sty"
Package: graphicx 1999/02/16 v1.0f Enhanced LaTeX Graphics (DPC,SPQR)

("C:\Programme\MiKTeX 2.7\tex\latex\graphics\graphics.sty"
Package: graphics 2006/02/20 v1.0o Standard LaTeX Graphics (DPC,SPQR)

("C:\Programme\MiKTeX 2.7\tex\latex\graphics\trig.sty"
Package: trig 1999/03/16 v1.09 sin cos tan (DPC)
)
("C:\Programme\MiKTeX 2.7\tex\latex\00miktex\graphics.cfg"
File: graphics.cfg 2007/01/18 v1.5 graphics configuration of teTeX/TeXLive
)
Package graphics Info: Driver file: pdftex.def on input line 90.

("C:\Programme\MiKTeX 2.7\tex\latex\graphics\pdftex.def"
File: pdftex.def 2007/06/12 v0.04h Graphics/color for pdfTeX
\Gread@gobject=\count107
))
\Gin@req@height=\dimen118
\Gin@req@width=\dimen119
)
("C:\Programme\MiKTeX 2.7\tex\latex\rotating\rotating.sty"
Package: rotating 1997/09/26 v2.13 Rotation package
\c@r@tfl@t=\count108
\rot@float@box=\box31
)
("C:\Programme\MiKTeX 2.7\tex\latex\hyperref\hyperref.sty"
Package: hyperref 2008/01/09 v6.77i Hypertext links for LaTeX

("C:\Programme\MiKTeX 2.7\tex\latex\oberdiek\hycolor.sty"
Package: hycolor 2007/04/11 v1.1 Code for color options of hyperref/bookmark (H
O)
)
\@linkdim=\dimen120
\Hy@linkcounter=\count109
\Hy@pagecounter=\count110

("C:\Programme\MiKTeX 2.7\tex\latex\confproc\pd1enc.def"
File: pd1enc.def 1999/03/30 v0.3 PDFDocEncoding (Heiko Oberdiek)
)
("C:\Programme\MiKTeX 2.7\tex\generic\oberdiek\etexcmds.sty"
Package: etexcmds 2007/12/12 v1.2 Prefix for e-TeX command names (HO)

("C:\Programme\MiKTeX 2.7\tex\generic\oberdiek\infwarerr.sty"
Package: infwarerr 2007/09/09 v1.2 Providing info/warning/message (HO)
)
Package etexcmds Info: Could not find \expanded.
(etexcmds)             That can mean that you are not using pdfTeX 1.50 or
(etexcmds)             that some package has redefined \expanded.
(etexcmds)             In the latter case, load this package earlier.
)
("C:\Programme\MiKTeX 2.7\tex\latex\00miktex\hyperref.cfg"
File: hyperref.cfg 2002/06/06 v1.2 hyperref configuration of TeXLive
)
("C:\Programme\MiKTeX 2.7\tex\latex\oberdiek\kvoptions.sty"
Package: kvoptions 2007/10/18 v3.0 Keyval support for LaTeX options (HO)
)
Package hyperref Info: Option `colorlinks' set `true' on input line 2686.
Package hyperref Info: Option `bookmarks' set `true' on input line 2686.
Package hyperref Info: Option `bookmarksopen' set `true' on input line 2686.


Package hyperref Warning: Unexpected value `falsebookmarksnumbered'
(hyperref)                of option `plainpages' instead of
(hyperref)                `true' or 'false' on input line 2686.

Package hyperref Info: Option `hyperindex' set `false' on input line 2686.
Package hyperref Info: Hyper figures OFF on input line 2722.
Package hyperref Info: Link nesting OFF on input line 2727.
Package hyperref Info: Hyper index OFF on input line 2732.
Package hyperref Info: Plain pages OFF on input line 2737.
Package hyperref Info: Backreferencing OFF on input line 2742.
Implicit mode ON; LaTeX internals redefined
Package hyperref Info: Bookmarks ON on input line 2898.
("C:\Programme\MiKTeX 2.7\tex\latex\ltxmisc\url.sty"
\Urlmuskip=\muskip11
Package: url 2006/04/12  ver 3.3  Verb mode for urls, etc.
)
LaTeX Info: Redefining \url on input line 3068.

("C:\Programme\MiKTeX 2.7\tex\generic\oberdiek\bitset.sty"
Package: bitset 2007/09/28 v1.0 Data type bit set (HO)

("C:\Programme\MiKTeX 2.7\tex\generic\oberdiek\intcalc.sty"
Package: intcalc 2007/09/27 v1.1 Expandable integer calculations (HO)
)
("C:\Programme\MiKTeX 2.7\tex\generic\oberdiek\bigintcalc.sty"
Package: bigintcalc 2007/11/11 v1.1 Expandable big integer calculations (HO)

("C:\Programme\MiKTeX 2.7\tex\generic\oberdiek\pdftexcmds.sty"
Package: pdftexcmds 2007/12/12 v0.3 LuaTeX support for pdfTeX utility functions
 (HO)
Package pdftexcmds Info: LuaTeX not detected on input line 139.
)))
("C:\Programme\MiKTeX 2.7\tex\generic\oberdiek\kvsetkeys.sty"
Package: kvsetkeys 2007/09/29 v1.3 Key value parser with default handler suppor
t (HO)
)
\Fld@menulength=\count111
\Field@Width=\dimen121
\Fld@charsize=\dimen122
\Field@toks=\toks26
Package hyperref Info: Hyper figures OFF on input line 3949.
Package hyperref Info: Link nesting OFF on input line 3954.
Package hyperref Info: Hyper index OFF on input line 3959.
Package hyperref Info: backreferencing OFF on input line 3964.
Package hyperref Info: Link coloring ON on input line 3967.

("C:\Programme\MiKTeX 2.7\tex\generic\oberdiek\atbegshi.sty"
Package: atbegshi 2007/09/09 v1.6 At begin shipout hook (HO)

("C:\Programme\MiKTeX 2.7\tex\generic\oberdiek\ifpdf.sty"
Package: ifpdf 2007/12/12 v1.6 Provides the ifpdf switch (HO)
Package ifpdf Info: pdfTeX in pdf mode detected.
))
\Hy@abspage=\count112
\c@Item=\count113
\c@Hfootnote=\count114
)
*hyperref using driver hpdftex*
("C:\Programme\MiKTeX 2.7\tex\latex\hyperref\hpdftex.def"
File: hpdftex.def 2008/01/09 v6.77i Hyperref driver for pdfTeX
\Fld@listcount=\count115
))
(components/commands.tex
\c@theorem=\count116
)
\@glossaryfile=\write3

Writing glossary file main.glo 
(main.aux)
LaTeX Font Info:    Checking defaults for OML/cmm/m/it on input line 46.
LaTeX Font Info:    ... okay on input line 46.
LaTeX Font Info:    Checking defaults for T1/cmr/m/n on input line 46.
LaTeX Font Info:    ... okay on input line 46.
LaTeX Font Info:    Checking defaults for OT1/cmr/m/n on input line 46.
LaTeX Font Info:    ... okay on input line 46.
LaTeX Font Info:    Checking defaults for OMS/cmsy/m/n on input line 46.
LaTeX Font Info:    ... okay on input line 46.
LaTeX Font Info:    Checking defaults for OMX/cmex/m/n on input line 46.
LaTeX Font Info:    ... okay on input line 46.
LaTeX Font Info:    Checking defaults for U/cmr/m/n on input line 46.
LaTeX Font Info:    ... okay on input line 46.
LaTeX Font Info:    Checking defaults for TS1/cmr/m/n on input line 46.
LaTeX Font Info:    Try loading font information for TS1+cmr on input line 46.
 ("C:\Programme\MiKTeX 2.7\tex\latex\base\ts1cmr.fd"
File: ts1cmr.fd 1999/05/25 v2.5h Standard LaTeX font definitions
)
LaTeX Font Info:    ... okay on input line 46.
LaTeX Font Info:    Checking defaults for PD1/pdf/m/n on input line 46.
LaTeX Font Info:    ... okay on input line 46.
LaTeX Font Info:    Try loading font information for OT1+ppl on input line 46.

("C:\Programme\MiKTeX 2.7\tex\latex\psnfss\ot1ppl.fd"
File: ot1ppl.fd 2001/06/04 font definitions for OT1/ppl.
)
("C:\Programme\MiKTeX 2.7\tex\context\base\supp-pdf.tex"
[Loading MPS to PDF converter (version 2006.09.02).]
\scratchcounter=\count117
\scratchdimen=\dimen123
\scratchbox=\box32
\nofMPsegments=\count118
\nofMParguments=\count119
\MPscratchCnt=\count120
\MPscratchDim=\dimen124
\MPnumerator=\count121
\everyMPtoPDFconversion=\toks27
)
Package hyperref Info: Link coloring ON on input line 46.
 ("C:\Programme\MiKTeX 2.7\tex\latex\hyperref\nameref.sty"
Package: nameref 2007/05/29 v2.31 Cross-referencing by name of section

("C:\Programme\MiKTeX 2.7\tex\latex\oberdiek\refcount.sty"
Package: refcount 2006/02/20 v3.0 Data extraction from references (HO)
)
\c@section@level=\count122
)
LaTeX Info: Redefining \ref on input line 46.
LaTeX Info: Redefining \pageref on input line 46.
 (main.out)
(main.out)
\@outlinefile=\write4
\AtBeginShipoutBox=\box33
 (components/cover.tex
LaTeX Font Info:    Font shape `OT1/ppl/bx/n' in size <20.74> not available
(Font)              Font shape `OT1/ppl/b/n' tried instead on input line 43.

<styles/informat.png, id=41, 355.3275pt x 355.3275pt>
File: styles/informat.png Graphic file (type png)

<use styles/informat.png>) [1


{C:/Dokumente und Einstellungen/All Users/Anwendungsdaten/MiKTeX/2.7/pdftex/con
fig/pdftex.map} <styles/informat.png>] [2

]
(components/titlepage.tex
LaTeX Font Info:    Try loading font information for OMX+yhex on input line 46.

 ("C:\Programme\MiKTeX 2.7\tex\latex\yhmath\omxyhex.fd"
File: OMXyhex.fd 
File: OMXyhex.fd 1996/01/04 v1.0 YH's humble contribution to TeX maths
)
LaTeX Font Info:    External font `yhcmex10' loaded for size
(Font)              <10.95> on input line 46.
LaTeX Font Info:    External font `yhcmex10' loaded for size
(Font)              <8> on input line 46.
LaTeX Font Info:    External font `yhcmex10' loaded for size
(Font)              <6> on input line 46.
LaTeX Font Info:    Try loading font information for U+msa on input line 46.
 ("C:\Programme\MiKTeX 2.7\tex\latex\amsfonts\umsa.fd"
File: umsa.fd 2002/01/19 v2.2g AMS font definitions
)
LaTeX Font Info:    Try loading font information for U+msb on input line 46.

("C:\Programme\MiKTeX 2.7\tex\latex\amsfonts\umsb.fd"
File: umsb.fd 2002/01/19 v2.2g AMS font definitions
)
File: styles/informat.png Graphic file (type png)

<use styles/informat.png>) (components/disclaimer.tex [3] [4

] [5])
(components/acknowledgements.tex [6

]
LaTeX Font Info:    Font shape `OT1/ppl/bx/n' in size <14.4> not available
(Font)              Font shape `OT1/ppl/b/n' tried instead on input line 11.
) (components/abstract.tex [7] [8

])
[9] [10

]
LaTeX Font Info:    Font shape `OT1/ppl/bx/n' in size <10.95> not available
(Font)              Font shape `OT1/ppl/b/n' tried instead on input line 69.
 (main.toc
Class scrbook Info: You've told me to use the font selection of the element
(scrbook)           `sectioning' that is an alias of element `disposition'
(scrbook)            on input line 5.
Class scrbook Info: You've told me to use the font selection of the element
(scrbook)           `sectioning' that is an alias of element `disposition'
(scrbook)            on input line 6.
Class scrbook Info: You've told me to use the font selection of the element
(scrbook)           `sectioning' that is an alias of element `disposition'
(scrbook)            on input line 7.
Class scrbook Info: You've told me to use the font selection of the element
(scrbook)           `sectioning' that is an alias of element `disposition'
(scrbook)            on input line 8.
LaTeX Font Info:    Font shape `OT1/ppl/bx/n' in size <12> not available
(Font)              Font shape `OT1/ppl/b/n' tried instead on input line 8.
Class scrbook Info: You've told me to use the font selection of the element
(scrbook)           `sectioning' that is an alias of element `disposition'
(scrbook)            on input line 9.
Class scrbook Info: You've told me to use the font selection of the element
(scrbook)           `sectioning' that is an alias of element `disposition'
(scrbook)            on input line 11.
Class scrbook Info: You've told me to use the font selection of the element
(scrbook)           `sectioning' that is an alias of element `disposition'
(scrbook)            on input line 12.
Class scrbook Info: You've told me to use the font selection of the element
(scrbook)           `sectioning' that is an alias of element `disposition'
(scrbook)            on input line 13.
)
\tf@toc=\write5
 (components/outline.tex [11] [12

]
Underfull \hbox (badness 10000) in paragraph at lines 18--19

 []


Underfull \hbox (badness 10000) in paragraph at lines 22--23

 []

) [13] [14

]
LaTeX Font Info:    Font shape `OT1/ppl/bx/n' in size <24.88> not available
(Font)              Font shape `OT1/ppl/b/n' tried instead on input line 81.
 [1

] [2] (chapters/Introduction.tex
Chapter 1.

LaTeX Warning: Citation `latex' on page 3 undefined on input line 6.

) [3

] [4

] [5] [6] [7

] [8] (chapters/oneAppendix.tex
Appendix A.
) [9

] [10

]
No file main.bbl.
(main.aux)

LaTeX Warning: There were undefined references.

 ) 
Here is how much of TeX's memory you used:
 7681 strings out of 95341
 106510 string characters out of 1184307
 184419 words of memory out of 1500000
 10623 multiletter control sequences out of 110000
 21459 words of font info for 56 fonts, out of 1200000 for 2000
 14 hyphenation exceptions out of 8191
 43i,10n,42p,262b,297s stack positions out of 5000i,500n,10000p,200000b,5000s
{C:/Programme/MiKTeX 2.7/fonts/enc/dvips/8r.enc}<C:/Programme/MiKTeX 2.7/font
s/type1/urw/palatino/uplb8a.pfb><C:/Programme/MiKTeX 2.7/fonts/type1/urw/palati
no/uplr8a.pfb><C:/Programme/MiKTeX 2.7/fonts/type1/urw/palatino/uplr8a.pfb>
Output written on main.pdf (24 pages, 79481 bytes).
PDF statistics:
 183 PDF objects out of 1000 (max. 8388607)
 37 named destinations out of 1000 (max. 131072)
 94 words of extra memory for PDF output out of 10000 (max. 10000000)

